c:\users\matus\source\repos\konji\konji\konji\debug\vc140.pdb
c:\users\aron\documents\github\konji\konji\konji\debug\vc140.pdb
c:\users\aron\documents\github\konji\konji\konji\debug\vc140.idb
c:\users\aron\documents\github\konji\konji\konji\debug\main.obj
c:\users\aron\documents\github\konji\konji\konji\debug\sprite.obj
c:\users\aron\documents\github\konji\konji\konji\debug\window.obj
c:\users\matus\source\repos\konji\konji\debug\konji.ilk
c:\users\matus\source\repos\konji\konji\debug\konji.exe
c:\users\matus\source\repos\konji\konji\debug\konji.pdb
c:\users\aron\documents\github\konji\konji\debug\konji.ilk
c:\users\aron\documents\github\konji\konji\debug\konji.exe
c:\users\aron\documents\github\konji\konji\debug\konji.pdb
c:\users\aron\documents\github\konji\konji\konji\debug\konji.res
c:\users\aron\documents\github\konji\konji\konji\debug\konji.tlog\cl.command.1.tlog
c:\users\aron\documents\github\konji\konji\konji\debug\konji.tlog\cl.read.1.tlog
c:\users\aron\documents\github\konji\konji\konji\debug\konji.tlog\cl.write.1.tlog
c:\users\aron\documents\github\konji\konji\konji\debug\konji.tlog\link.command.1.tlog
c:\users\aron\documents\github\konji\konji\konji\debug\konji.tlog\link.read.1.tlog
c:\users\aron\documents\github\konji\konji\konji\debug\konji.tlog\link.write.1.tlog
c:\users\aron\documents\github\konji\konji\konji\debug\konji.tlog\rc.command.1.tlog
c:\users\aron\documents\github\konji\konji\konji\debug\konji.tlog\rc.read.1.tlog
c:\users\aron\documents\github\konji\konji\konji\debug\konji.tlog\rc.write.1.tlog
